2024-09-07 16:25:52.227 [main] WARN  com.alibaba.nacos.client.logging.NacosLogging - Load Logback Configuration of Nacos fail, message: Could not initialize Logback Nacos logging from classpath:nacos-logback.xml
2024-09-07 16:25:52.276 [main] WARN  com.alibaba.nacos.client.logging.NacosLogging - Load Logback Configuration of Nacos fail, message: Could not initialize Logback Nacos logging from classpath:nacos-logback.xml
2024-09-07 16:25:52.480 [main] WARN  com.alibaba.nacos.client.logging.NacosLogging - Load Logback Configuration of Nacos fail, message: Could not initialize Logback Nacos logging from classpath:nacos-logback.xml
2024-09-07 16:25:52.482 [main] INFO  com.alibaba.nacos.client.utils.ParamUtil - [settings] [req-serv] nacos-server port:8848
2024-09-07 16:25:52.482 [main] INFO  com.alibaba.nacos.client.utils.ParamUtil - [settings] [http-client] connect timeout:1000
2024-09-07 16:25:52.483 [main] INFO  com.alibaba.nacos.client.utils.ParamUtil - PER_TASK_CONFIG_SIZE: 3000.0
2024-09-07 16:25:52.511 [main] INFO  c.a.n.p.auth.spi.client.ClientAuthPluginManager - [ClientAuthPluginManager] Load ClientAuthService com.alibaba.nacos.client.auth.impl.NacosClientAuthServiceImpl success.
2024-09-07 16:25:52.512 [main] INFO  c.a.n.p.auth.spi.client.ClientAuthPluginManager - [ClientAuthPluginManager] Load ClientAuthService com.alibaba.nacos.client.auth.ram.RamClientAuthServiceImpl success.
2024-09-07 16:25:52.514 [main] INFO  c.a.n.client.auth.ram.identify.CredentialWatcher - null No credential found
2024-09-07 16:25:52.895 [main] WARN  com.alibaba.nacos.client.logging.NacosLogging - Load Logback Configuration of Nacos fail, message: Could not initialize Logback Nacos logging from classpath:nacos-logback.xml
2024-09-07 16:25:52.910 [main] INFO  c.a.n.client.config.impl.LocalConfigInfoProcessor - LOCAL_SNAPSHOT_PATH:C:\Users\86183\nacos\config
2024-09-07 16:25:52.914 [main] INFO  com.alibaba.nacos.common.remote.client - [RpcClientFactory] create a new rpc client of 8eb02c10-4883-4114-a737-b66f5c663d0e_config-0
2024-09-07 16:25:52.932 [main] INFO  com.alibaba.nacos.common.remote.client - [8eb02c10-4883-4114-a737-b66f5c663d0e_config-0] Register server push request handler:com.alibaba.nacos.client.config.impl.ClientWorker$ConfigRpcTransportClient$$Lambda$599/0x000000080138e658
2024-09-07 16:25:52.933 [main] INFO  com.alibaba.nacos.common.remote.client - [8eb02c10-4883-4114-a737-b66f5c663d0e_config-0] Register server push request handler:com.alibaba.nacos.client.config.impl.ClientWorker$ConfigRpcTransportClient$$Lambda$600/0x000000080138ea58
2024-09-07 16:25:52.933 [main] INFO  com.alibaba.nacos.common.remote.client - [8eb02c10-4883-4114-a737-b66f5c663d0e_config-0] Registry connection listener to current client:com.alibaba.nacos.client.config.impl.ClientWorker$ConfigRpcTransportClient$1
2024-09-07 16:25:52.934 [main] INFO  com.alibaba.nacos.common.remote.client - [8eb02c10-4883-4114-a737-b66f5c663d0e_config-0] RpcClient init, ServerListFactory = com.alibaba.nacos.client.config.impl.ClientWorker$ConfigRpcTransportClient$2
2024-09-07 16:25:52.941 [main] INFO  com.alibaba.nacos.common.remote.client - [8eb02c10-4883-4114-a737-b66f5c663d0e_config-0] Try to connect to server on start up, server: {serverIp = '127.0.0.1', server main port = 8848}
2024-09-07 16:25:52.981 [main] INFO  c.a.nacos.common.remote.client.grpc.GrpcClient - grpc client connection server:127.0.0.1 ip,serverPort:9848,grpcTslConfig:{"sslProvider":"OPENSSL","enableTls":false,"mutualAuthEnable":false,"trustAll":false}
2024-09-07 16:25:54.021 [main] INFO  com.alibaba.nacos.common.remote.client - [8eb02c10-4883-4114-a737-b66f5c663d0e_config-0] Success to connect to server [127.0.0.1:8848] on start up, connectionId = 1725697553830_172.17.0.1_40848
2024-09-07 16:25:54.021 [com.alibaba.nacos.client.remote.worker] INFO  com.alibaba.nacos.common.remote.client - [8eb02c10-4883-4114-a737-b66f5c663d0e_config-0] Notify connected event to listeners.
2024-09-07 16:25:54.022 [com.alibaba.nacos.client.remote.worker] INFO  com.alibaba.nacos.client.config.impl.ClientWorker - [8eb02c10-4883-4114-a737-b66f5c663d0e_config-0] Connected,notify listen context...
2024-09-07 16:25:54.022 [main] INFO  com.alibaba.nacos.common.remote.client - [8eb02c10-4883-4114-a737-b66f5c663d0e_config-0] Register server push request handler:com.alibaba.nacos.common.remote.client.RpcClient$ConnectResetRequestHandler
2024-09-07 16:25:54.022 [main] INFO  com.alibaba.nacos.common.remote.client - [8eb02c10-4883-4114-a737-b66f5c663d0e_config-0] Register server push request handler:com.alibaba.nacos.common.remote.client.RpcClient$$Lambda$620/0x00000008014d3b00
2024-09-07 16:25:54.056 [main] INFO  com.alibaba.nacos.client.config.impl.Limiter - limitTime:5.0
2024-09-07 16:25:54.104 [main] INFO  com.alibaba.nacos.client.config.utils.JvmUtil - isMultiInstance:false
2024-09-07 16:25:54.124 [main] WARN  c.a.cloud.nacos.client.NacosPropertySourceBuilder - Ignore the empty nacos configuration and get it based on dataId[xiaoheishu-auth.yaml] & group[DEFAULT_GROUP]
2024-09-07 16:25:54.140 [main] INFO  o.s.c.b.c.PropertySourceBootstrapConfiguration - Located property source: [BootstrapPropertySource {name='bootstrapProperties-xiaoheishu-auth-dev.yaml,DEFAULT_GROUP'}, BootstrapPropertySource {name='bootstrapProperties-xiaoheishu-auth.yaml,DEFAULT_GROUP'}, BootstrapPropertySource {name='bootstrapProperties-xiaoheishu-auth,DEFAULT_GROUP'}]
2024-09-07 16:25:54.163 [main] WARN  com.alibaba.nacos.client.logging.NacosLogging - Load Logback Configuration of Nacos fail, message: Could not initialize Logback Nacos logging from classpath:nacos-logback.xml
2024-09-07 16:25:54.164 [main] INFO  c.d.xiaoheishu.auth.XiaoheishuAuthApplication - The following 1 profile is active: "dev"
2024-09-07 16:25:54.817 [main] INFO  o.s.d.r.config.RepositoryConfigurationDelegate - Multiple Spring Data modules found, entering strict repository configuration mode
2024-09-07 16:25:54.820 [main] INFO  o.s.d.r.config.RepositoryConfigurationDelegate - Bootstrapping Spring Data Redis repositories in DEFAULT mode.
2024-09-07 16:25:54.843 [main] INFO  o.s.d.r.config.RepositoryConfigurationDelegate - Finished Spring Data repository scanning in 10 ms. Found 0 Redis repository interfaces.
2024-09-07 16:25:54.958 [main] INFO  o.springframework.cloud.context.scope.GenericScope - BeanFactory id=17bbdd13-8deb-39f9-9f51-3a9c52cd0f81
2024-09-07 16:25:55.410 [main] INFO  o.s.boot.web.embedded.tomcat.TomcatWebServer - Tomcat initialized with port(s): 8080 (http)
2024-09-07 16:25:55.419 [main] INFO  org.apache.catalina.core.StandardService - Starting service [Tomcat]
2024-09-07 16:25:55.419 [main] INFO  org.apache.catalina.core.StandardEngine - Starting Servlet engine: [Apache Tomcat/10.1.5]
2024-09-07 16:25:55.499 [main] INFO  o.a.c.core.ContainerBase.[Tomcat].[localhost].[/] - Initializing Spring embedded WebApplicationContext
2024-09-07 16:25:55.500 [main] INFO  o.s.b.w.s.c.ServletWebServerApplicationContext - Root WebApplicationContext: initialization completed in 1324 ms
2024-09-07 16:25:55.589 [main] INFO  c.a.d.s.b.a.DruidDataSourceAutoConfigure - Init DruidDataSource
2024-09-07 16:25:55.902 [main] INFO  com.alibaba.druid.pool.DruidDataSource - {dataSource-1} inited
2024-09-07 16:25:57.811 [main] INFO  o.s.boot.web.embedded.tomcat.TomcatWebServer - Tomcat started on port(s): 8080 (http) with context path ''
2024-09-07 16:25:57.814 [main] INFO  com.alibaba.nacos.client.naming - initializer namespace from ans.namespace attribute : null
2024-09-07 16:25:57.815 [main] INFO  com.alibaba.nacos.client.naming - initializer namespace from ALIBABA_ALIWARE_NAMESPACE attribute :null
2024-09-07 16:25:57.815 [main] INFO  com.alibaba.nacos.client.naming - initializer namespace from namespace attribute :null
2024-09-07 16:25:57.821 [main] INFO  c.a.n.p.auth.spi.client.ClientAuthPluginManager - [ClientAuthPluginManager] Load ClientAuthService com.alibaba.nacos.client.auth.impl.NacosClientAuthServiceImpl success.
2024-09-07 16:25:57.821 [main] INFO  c.a.n.p.auth.spi.client.ClientAuthPluginManager - [ClientAuthPluginManager] Load ClientAuthService com.alibaba.nacos.client.auth.ram.RamClientAuthServiceImpl success.
2024-09-07 16:25:57.824 [main] INFO  com.alibaba.nacos.common.remote.client - [RpcClientFactory] create a new rpc client of 65d9c494-d22f-498e-b52a-8de8f91ba156
2024-09-07 16:25:57.825 [main] INFO  com.alibaba.nacos.common.remote.client - [65d9c494-d22f-498e-b52a-8de8f91ba156] RpcClient init, ServerListFactory = com.alibaba.nacos.client.naming.core.ServerListManager
2024-09-07 16:25:57.826 [main] INFO  com.alibaba.nacos.common.remote.client - [65d9c494-d22f-498e-b52a-8de8f91ba156] Registry connection listener to current client:com.alibaba.nacos.client.naming.remote.gprc.redo.NamingGrpcRedoService
2024-09-07 16:25:57.826 [main] INFO  com.alibaba.nacos.common.remote.client - [65d9c494-d22f-498e-b52a-8de8f91ba156] Register server push request handler:com.alibaba.nacos.client.naming.remote.gprc.NamingPushRequestHandler
2024-09-07 16:25:57.826 [main] INFO  com.alibaba.nacos.common.remote.client - [65d9c494-d22f-498e-b52a-8de8f91ba156] Try to connect to server on start up, server: {serverIp = '127.0.0.1', server main port = 8848}
2024-09-07 16:25:57.826 [main] INFO  c.a.nacos.common.remote.client.grpc.GrpcClient - grpc client connection server:127.0.0.1 ip,serverPort:9848,grpcTslConfig:{"sslProvider":"OPENSSL","enableTls":false,"mutualAuthEnable":false,"trustAll":false}
2024-09-07 16:25:57.946 [main] INFO  com.alibaba.nacos.common.remote.client - [65d9c494-d22f-498e-b52a-8de8f91ba156] Success to connect to server [127.0.0.1:8848] on start up, connectionId = 1725697557833_172.17.0.1_40856
2024-09-07 16:25:57.946 [main] INFO  com.alibaba.nacos.common.remote.client - [65d9c494-d22f-498e-b52a-8de8f91ba156] Register server push request handler:com.alibaba.nacos.common.remote.client.RpcClient$ConnectResetRequestHandler
2024-09-07 16:25:57.946 [com.alibaba.nacos.client.remote.worker] INFO  com.alibaba.nacos.common.remote.client - [65d9c494-d22f-498e-b52a-8de8f91ba156] Notify connected event to listeners.
2024-09-07 16:25:57.946 [main] INFO  com.alibaba.nacos.common.remote.client - [65d9c494-d22f-498e-b52a-8de8f91ba156] Register server push request handler:com.alibaba.nacos.common.remote.client.RpcClient$$Lambda$620/0x00000008014d3b00
2024-09-07 16:25:57.946 [com.alibaba.nacos.client.remote.worker] INFO  com.alibaba.nacos.client.naming - Grpc connection connect
2024-09-07 16:25:57.947 [main] INFO  com.alibaba.nacos.client.naming - [REGISTER-SERVICE] xiaoheishu registering service xiaoheishu-auth with instance Instance{instanceId='null', ip='192.168.60.1', port=8080, weight=1.0, healthy=true, enabled=true, ephemeral=true, clusterName='DEFAULT', serviceName='null', metadata={IPv6=null, preserved.register.source=SPRING_CLOUD}}
2024-09-07 16:25:57.959 [main] INFO  c.a.cloud.nacos.registry.NacosServiceRegistry - nacos registry, DEFAULT_GROUP xiaoheishu-auth 192.168.60.1:8080 register finished
2024-09-07 16:25:58.298 [main] INFO  c.d.xiaoheishu.auth.XiaoheishuAuthApplication - Started XiaoheishuAuthApplication in 6.885 seconds (process running for 7.596)
2024-09-07 16:25:58.299 [main] INFO  c.d.x.auth.runner.PushRolePermissions2RedisRunner - ==> 开始同步角色权限数据到 Redis 中...
2024-09-07 16:25:58.702 [main] DEBUG c.d.x.a.d.mapper.RoleDOMapper.selectEnabledList - ==>  Preparing: select id, role_name, role_key from t_role where `status` = 0 and is_deleted = 0
2024-09-07 16:25:58.866 [main] DEBUG c.d.x.a.d.mapper.RoleDOMapper.selectEnabledList - ==> Parameters: 
2024-09-07 16:25:58.883 [main] DEBUG c.d.x.a.d.mapper.RoleDOMapper.selectEnabledList - <==      Total: 1
2024-09-07 16:25:58.903 [main] DEBUG c.d.x.a.d.m.RolePermissionDOMapper.selectByRoleIds - ==>  Preparing: select role_id, permission_id from t_role_permission_rel where role_id in ( ? )
2024-09-07 16:25:58.906 [main] DEBUG c.d.x.a.d.m.RolePermissionDOMapper.selectByRoleIds - ==> Parameters: 1(Long)
2024-09-07 16:25:58.913 [main] DEBUG c.d.x.a.d.m.RolePermissionDOMapper.selectByRoleIds - <==      Total: 2
2024-09-07 16:25:58.915 [main] DEBUG c.d.x.a.d.m.P.selectAppEnabledList - ==>  Preparing: select id, name, permission_key from t_permission where `status` = 0 and is_deleted = 0 and type = 3
2024-09-07 16:25:58.916 [main] DEBUG c.d.x.a.d.m.P.selectAppEnabledList - ==> Parameters: 
2024-09-07 16:25:58.922 [main] DEBUG c.d.x.a.d.m.P.selectAppEnabledList - <==      Total: 2
2024-09-07 16:25:58.942 [main] INFO  c.d.x.auth.runner.PushRolePermissions2RedisRunner - ==> 成功同步角色权限数据到 Redis 中...
2024-09-07 16:25:58.945 [main] INFO  com.alibaba.nacos.client.config.impl.CacheData - nacos.cache.data.init.snapshot = true 
2024-09-07 16:25:58.947 [main] INFO  com.alibaba.nacos.client.config.impl.ClientWorker - [fixed-xiaoheishu-127.0.0.1_8848] [subscribe] xiaoheishu-auth+DEFAULT_GROUP+xiaoheishu
2024-09-07 16:25:58.954 [main] INFO  com.alibaba.nacos.client.config.impl.CacheData - [fixed-xiaoheishu-127.0.0.1_8848] [add-listener] ok, tenant=xiaoheishu, dataId=xiaoheishu-auth, group=DEFAULT_GROUP, cnt=1
2024-09-07 16:25:58.954 [main] INFO  c.a.cloud.nacos.refresh.NacosContextRefresher - [Nacos Config] Listening config: dataId=xiaoheishu-auth, group=DEFAULT_GROUP
2024-09-07 16:25:58.955 [main] INFO  com.alibaba.nacos.client.config.impl.ClientWorker - [fixed-xiaoheishu-127.0.0.1_8848] [subscribe] xiaoheishu-auth.yaml+DEFAULT_GROUP+xiaoheishu
2024-09-07 16:25:58.956 [main] INFO  com.alibaba.nacos.client.config.impl.CacheData - [fixed-xiaoheishu-127.0.0.1_8848] [add-listener] ok, tenant=xiaoheishu, dataId=xiaoheishu-auth.yaml, group=DEFAULT_GROUP, cnt=1
2024-09-07 16:25:58.956 [main] INFO  c.a.cloud.nacos.refresh.NacosContextRefresher - [Nacos Config] Listening config: dataId=xiaoheishu-auth.yaml, group=DEFAULT_GROUP
2024-09-07 16:25:58.957 [main] INFO  com.alibaba.nacos.client.config.impl.ClientWorker - [fixed-xiaoheishu-127.0.0.1_8848] [subscribe] xiaoheishu-auth-dev.yaml+DEFAULT_GROUP+xiaoheishu
2024-09-07 16:25:58.957 [main] INFO  com.alibaba.nacos.client.config.impl.CacheData - [fixed-xiaoheishu-127.0.0.1_8848] [add-listener] ok, tenant=xiaoheishu, dataId=xiaoheishu-auth-dev.yaml, group=DEFAULT_GROUP, cnt=1
2024-09-07 16:25:58.957 [main] INFO  c.a.cloud.nacos.refresh.NacosContextRefresher - [Nacos Config] Listening config: dataId=xiaoheishu-auth-dev.yaml, group=DEFAULT_GROUP
2024-09-07 16:26:19.824 [http-nio-8080-exec-1] INFO  o.a.c.core.ContainerBase.[Tomcat].[localhost].[/] - Initializing Spring DispatcherServlet 'dispatcherServlet'
2024-09-07 16:26:19.824 [http-nio-8080-exec-1] INFO  org.springframework.web.servlet.DispatcherServlet - Initializing Servlet 'dispatcherServlet'
2024-09-07 16:26:19.825 [http-nio-8080-exec-1] INFO  org.springframework.web.servlet.DispatcherServlet - Completed initialization in 1 ms
2024-09-07 16:26:19.848 [http-nio-8080-exec-1] INFO  c.d.f.b.operationlog.aspect.ApiOperationLogAspect - ======请求开始：[用户登出]，入参：，请求类：UserController，请求方法：logout===============
2024-09-07 16:26:19.849 [http-nio-8080-exec-1] INFO  c.d.f.b.operationlog.aspect.ApiOperationLogAspect - ======请求结束：[用户登出]，耗时：1ms，出参：{"success":true,"message":null,"errorCode":null,"data":null}===============
2024-09-07 20:43:04.030 [Thread-9] WARN  com.alibaba.nacos.common.notify.NotifyCenter - [NotifyCenter] Start destroying Publisher
2024-09-07 20:43:04.030 [Thread-2] WARN  c.alibaba.nacos.common.http.HttpClientBeanHolder - [HttpClientBeanHolder] Start destroying common HttpClient
2024-09-07 20:43:04.032 [Thread-9] WARN  com.alibaba.nacos.common.notify.NotifyCenter - [NotifyCenter] Destruction of the end
2024-09-07 20:43:04.033 [Thread-2] WARN  c.alibaba.nacos.common.http.HttpClientBeanHolder - [HttpClientBeanHolder] Destruction of the end
2024-09-07 20:43:04.107 [SpringApplicationShutdownHook] INFO  c.a.cloud.nacos.registry.NacosServiceRegistry - De-registering from Nacos Server now...
2024-09-07 20:43:04.107 [SpringApplicationShutdownHook] INFO  com.alibaba.nacos.client.naming - [DEREGISTER-SERVICE] xiaoheishu deregistering service xiaoheishu-auth with instance: Instance{instanceId='null', ip='192.168.60.1', port=8080, weight=1.0, healthy=true, enabled=true, ephemeral=true, clusterName='DEFAULT', serviceName='null', metadata={}}
2024-09-07 20:43:04.113 [SpringApplicationShutdownHook] INFO  c.a.cloud.nacos.registry.NacosServiceRegistry - De-registration finished.
2024-09-07 20:43:04.113 [SpringApplicationShutdownHook] INFO  com.alibaba.nacos.client.naming - com.alibaba.nacos.client.naming.cache.ServiceInfoHolder do shutdown begin
2024-09-07 20:43:04.113 [SpringApplicationShutdownHook] INFO  com.alibaba.nacos.client.naming - com.alibaba.nacos.client.naming.backups.FailoverReactor do shutdown begin
2024-09-07 20:43:04.113 [SpringApplicationShutdownHook] INFO  com.alibaba.nacos.client.naming - com.alibaba.nacos.client.naming.backups.FailoverReactor do shutdown stop
2024-09-07 20:43:04.113 [SpringApplicationShutdownHook] INFO  com.alibaba.nacos.client.naming - com.alibaba.nacos.client.naming.cache.ServiceInfoHolder do shutdown stop
2024-09-07 20:43:04.114 [SpringApplicationShutdownHook] INFO  com.alibaba.nacos.client.naming - com.alibaba.nacos.client.naming.remote.NamingClientProxyDelegate do shutdown begin
2024-09-07 20:43:04.114 [SpringApplicationShutdownHook] INFO  com.alibaba.nacos.client.naming - com.alibaba.nacos.client.naming.core.ServiceInfoUpdateService do shutdown begin
2024-09-07 20:43:04.114 [SpringApplicationShutdownHook] INFO  com.alibaba.nacos.client.naming - com.alibaba.nacos.client.naming.core.ServiceInfoUpdateService do shutdown stop
2024-09-07 20:43:04.114 [SpringApplicationShutdownHook] INFO  com.alibaba.nacos.client.naming - com.alibaba.nacos.client.naming.core.ServerListManager do shutdown begin
2024-09-07 20:43:04.114 [SpringApplicationShutdownHook] WARN  com.alibaba.nacos.client.naming - [NamingHttpClientManager] Start destroying NacosRestTemplate
2024-09-07 20:43:04.114 [SpringApplicationShutdownHook] WARN  com.alibaba.nacos.client.naming - [NamingHttpClientManager] Destruction of the end
2024-09-07 20:43:04.114 [SpringApplicationShutdownHook] INFO  com.alibaba.nacos.client.naming - com.alibaba.nacos.client.naming.core.ServerListManager do shutdown stop
2024-09-07 20:43:04.114 [SpringApplicationShutdownHook] INFO  com.alibaba.nacos.client.naming - com.alibaba.nacos.client.naming.remote.http.NamingHttpClientProxy do shutdown begin
2024-09-07 20:43:04.114 [SpringApplicationShutdownHook] WARN  com.alibaba.nacos.client.naming - [NamingHttpClientManager] Start destroying NacosRestTemplate
2024-09-07 20:43:04.114 [SpringApplicationShutdownHook] WARN  com.alibaba.nacos.client.naming - [NamingHttpClientManager] Destruction of the end
2024-09-07 20:43:04.114 [SpringApplicationShutdownHook] INFO  com.alibaba.nacos.client.naming - com.alibaba.nacos.client.naming.remote.http.NamingHttpClientProxy do shutdown stop
2024-09-07 20:43:04.114 [SpringApplicationShutdownHook] INFO  com.alibaba.nacos.common.remote.client - Shutdown rpc client, set status to shutdown
2024-09-07 20:43:04.114 [SpringApplicationShutdownHook] INFO  com.alibaba.nacos.common.remote.client - Shutdown client event executor java.util.concurrent.ScheduledThreadPoolExecutor@4b99f2ed[Running, pool size = 2, active threads = 2, queued tasks = 0, completed tasks = 0]
2024-09-07 20:43:04.114 [SpringApplicationShutdownHook] INFO  com.alibaba.nacos.common.remote.client - Close current connection 1725697557833_172.17.0.1_40856
2024-09-07 20:43:04.117 [nacos-grpc-client-executor-127.0.0.1-3105] INFO  c.a.nacos.common.remote.client.grpc.GrpcClient - [1725697557833_172.17.0.1_40856]Ignore complete event,isRunning:false,isAbandon=false
2024-09-07 20:43:04.121 [SpringApplicationShutdownHook] INFO  c.a.nacos.common.remote.client.grpc.GrpcClient - Shutdown grpc executor java.util.concurrent.ThreadPoolExecutor@45a40353[Running, pool size = 4, active threads = 0, queued tasks = 0, completed tasks = 3106]
2024-09-07 20:43:04.121 [SpringApplicationShutdownHook] INFO  com.alibaba.nacos.client.naming - Shutdown grpc redo service executor java.util.concurrent.ScheduledThreadPoolExecutor@23a9400c[Running, pool size = 1, active threads = 0, queued tasks = 1, completed tasks = 5128]
2024-09-07 20:43:04.121 [SpringApplicationShutdownHook] INFO  c.a.n.client.auth.ram.identify.CredentialWatcher - [null] CredentialWatcher is stopped
2024-09-07 20:43:04.121 [SpringApplicationShutdownHook] INFO  c.a.n.client.auth.ram.identify.CredentialService - [null] CredentialService is freed
2024-09-07 20:43:04.121 [SpringApplicationShutdownHook] INFO  com.alibaba.nacos.client.naming - com.alibaba.nacos.client.naming.remote.NamingClientProxyDelegate do shutdown stop
2024-09-07 20:43:04.251 [SpringApplicationShutdownHook] INFO  com.alibaba.druid.pool.DruidDataSource - {dataSource-1} closing ...
2024-09-07 20:43:04.253 [SpringApplicationShutdownHook] INFO  com.alibaba.druid.pool.DruidDataSource - {dataSource-1} closed
