2024-09-11 21:21:06.554 [main] WARN  com.alibaba.nacos.client.logging.NacosLogging - Load Logback Configuration of Nacos fail, message: Could not initialize Logback Nacos logging from classpath:nacos-logback.xml
2024-09-11 21:21:06.614 [main] WARN  com.alibaba.nacos.client.logging.NacosLogging - Load Logback Configuration of Nacos fail, message: Could not initialize Logback Nacos logging from classpath:nacos-logback.xml
2024-09-11 21:21:06.878 [main] WARN  com.alibaba.nacos.client.logging.NacosLogging - Load Logback Configuration of Nacos fail, message: Could not initialize Logback Nacos logging from classpath:nacos-logback.xml
2024-09-11 21:21:06.880 [main] INFO  com.alibaba.nacos.client.utils.ParamUtil - [settings] [req-serv] nacos-server port:8848
2024-09-11 21:21:06.880 [main] INFO  com.alibaba.nacos.client.utils.ParamUtil - [settings] [http-client] connect timeout:1000
2024-09-11 21:21:06.882 [main] INFO  com.alibaba.nacos.client.utils.ParamUtil - PER_TASK_CONFIG_SIZE: 3000.0
2024-09-11 21:21:06.918 [main] INFO  c.a.n.p.auth.spi.client.ClientAuthPluginManager - [ClientAuthPluginManager] Load ClientAuthService com.alibaba.nacos.client.auth.impl.NacosClientAuthServiceImpl success.
2024-09-11 21:21:06.919 [main] INFO  c.a.n.p.auth.spi.client.ClientAuthPluginManager - [ClientAuthPluginManager] Load ClientAuthService com.alibaba.nacos.client.auth.ram.RamClientAuthServiceImpl success.
2024-09-11 21:21:06.924 [main] INFO  c.a.n.client.auth.ram.identify.CredentialWatcher - null No credential found
2024-09-11 21:21:07.513 [main] WARN  com.alibaba.nacos.client.logging.NacosLogging - Load Logback Configuration of Nacos fail, message: Could not initialize Logback Nacos logging from classpath:nacos-logback.xml
2024-09-11 21:21:07.531 [main] INFO  c.a.n.client.config.impl.LocalConfigInfoProcessor - LOCAL_SNAPSHOT_PATH:C:\Users\86183\nacos\config
2024-09-11 21:21:07.539 [main] INFO  com.alibaba.nacos.common.remote.client - [RpcClientFactory] create a new rpc client of a15f834d-a970-48bf-865b-d33c5e81dad5_config-0
2024-09-11 21:21:07.570 [main] INFO  com.alibaba.nacos.common.remote.client - [a15f834d-a970-48bf-865b-d33c5e81dad5_config-0] Register server push request handler:com.alibaba.nacos.client.config.impl.ClientWorker$ConfigRpcTransportClient$$Lambda$599/0x000000080138dce8
2024-09-11 21:21:07.570 [main] INFO  com.alibaba.nacos.common.remote.client - [a15f834d-a970-48bf-865b-d33c5e81dad5_config-0] Register server push request handler:com.alibaba.nacos.client.config.impl.ClientWorker$ConfigRpcTransportClient$$Lambda$600/0x000000080138e0e8
2024-09-11 21:21:07.571 [main] INFO  com.alibaba.nacos.common.remote.client - [a15f834d-a970-48bf-865b-d33c5e81dad5_config-0] Registry connection listener to current client:com.alibaba.nacos.client.config.impl.ClientWorker$ConfigRpcTransportClient$1
2024-09-11 21:21:07.572 [main] INFO  com.alibaba.nacos.common.remote.client - [a15f834d-a970-48bf-865b-d33c5e81dad5_config-0] RpcClient init, ServerListFactory = com.alibaba.nacos.client.config.impl.ClientWorker$ConfigRpcTransportClient$2
2024-09-11 21:21:07.588 [main] INFO  com.alibaba.nacos.common.remote.client - [a15f834d-a970-48bf-865b-d33c5e81dad5_config-0] Try to connect to server on start up, server: {serverIp = '127.0.0.1', server main port = 8848}
2024-09-11 21:21:07.638 [main] INFO  c.a.nacos.common.remote.client.grpc.GrpcClient - grpc client connection server:127.0.0.1 ip,serverPort:9848,grpcTslConfig:{"sslProvider":"OPENSSL","enableTls":false,"mutualAuthEnable":false,"trustAll":false}
2024-09-11 21:21:09.640 [main] INFO  com.alibaba.nacos.common.remote.client - [a15f834d-a970-48bf-865b-d33c5e81dad5_config-0] Success to connect to server [127.0.0.1:8848] on start up, connectionId = 1726060869064_172.17.0.1_41474
2024-09-11 21:21:09.641 [com.alibaba.nacos.client.remote.worker] INFO  com.alibaba.nacos.common.remote.client - [a15f834d-a970-48bf-865b-d33c5e81dad5_config-0] Notify connected event to listeners.
2024-09-11 21:21:09.641 [com.alibaba.nacos.client.remote.worker] INFO  com.alibaba.nacos.client.config.impl.ClientWorker - [a15f834d-a970-48bf-865b-d33c5e81dad5_config-0] Connected,notify listen context...
2024-09-11 21:21:09.641 [main] INFO  com.alibaba.nacos.common.remote.client - [a15f834d-a970-48bf-865b-d33c5e81dad5_config-0] Register server push request handler:com.alibaba.nacos.common.remote.client.RpcClient$ConnectResetRequestHandler
2024-09-11 21:21:09.641 [main] INFO  com.alibaba.nacos.common.remote.client - [a15f834d-a970-48bf-865b-d33c5e81dad5_config-0] Register server push request handler:com.alibaba.nacos.common.remote.client.RpcClient$$Lambda$620/0x00000008014d36d8
2024-09-11 21:21:09.687 [main] INFO  com.alibaba.nacos.client.config.impl.Limiter - limitTime:5.0
2024-09-11 21:21:09.785 [main] INFO  com.alibaba.nacos.client.config.utils.JvmUtil - isMultiInstance:false
2024-09-11 21:21:09.808 [main] WARN  c.a.cloud.nacos.client.NacosPropertySourceBuilder - Ignore the empty nacos configuration and get it based on dataId[xiaoheishu-auth.yaml] & group[DEFAULT_GROUP]
2024-09-11 21:21:09.825 [main] INFO  o.s.c.b.c.PropertySourceBootstrapConfiguration - Located property source: [BootstrapPropertySource {name='bootstrapProperties-xiaoheishu-auth-dev.yaml,DEFAULT_GROUP'}, BootstrapPropertySource {name='bootstrapProperties-xiaoheishu-auth.yaml,DEFAULT_GROUP'}, BootstrapPropertySource {name='bootstrapProperties-xiaoheishu-auth,DEFAULT_GROUP'}]
2024-09-11 21:21:09.857 [main] WARN  com.alibaba.nacos.client.logging.NacosLogging - Load Logback Configuration of Nacos fail, message: Could not initialize Logback Nacos logging from classpath:nacos-logback.xml
2024-09-11 21:21:09.858 [main] INFO  c.d.xiaoheishu.auth.XiaoheishuAuthApplication - The following 1 profile is active: "dev"
2024-09-11 21:21:10.617 [main] INFO  o.s.d.r.config.RepositoryConfigurationDelegate - Multiple Spring Data modules found, entering strict repository configuration mode
2024-09-11 21:21:10.620 [main] INFO  o.s.d.r.config.RepositoryConfigurationDelegate - Bootstrapping Spring Data Redis repositories in DEFAULT mode.
2024-09-11 21:21:10.655 [main] INFO  o.s.d.r.config.RepositoryConfigurationDelegate - Finished Spring Data repository scanning in 20 ms. Found 0 Redis repository interfaces.
2024-09-11 21:21:10.778 [main] INFO  o.springframework.cloud.context.scope.GenericScope - BeanFactory id=17bbdd13-8deb-39f9-9f51-3a9c52cd0f81
2024-09-11 21:21:11.288 [main] INFO  o.s.boot.web.embedded.tomcat.TomcatWebServer - Tomcat initialized with port(s): 8080 (http)
2024-09-11 21:21:11.298 [main] INFO  org.apache.catalina.core.StandardService - Starting service [Tomcat]
2024-09-11 21:21:11.298 [main] INFO  org.apache.catalina.core.StandardEngine - Starting Servlet engine: [Apache Tomcat/10.1.5]
2024-09-11 21:21:11.398 [main] INFO  o.a.c.core.ContainerBase.[Tomcat].[localhost].[/] - Initializing Spring embedded WebApplicationContext
2024-09-11 21:21:11.399 [main] INFO  o.s.b.w.s.c.ServletWebServerApplicationContext - Root WebApplicationContext: initialization completed in 1522 ms
2024-09-11 21:21:11.501 [main] INFO  c.a.d.s.b.a.DruidDataSourceAutoConfigure - Init DruidDataSource
2024-09-11 21:21:11.875 [main] INFO  com.alibaba.druid.pool.DruidDataSource - {dataSource-1} inited
2024-09-11 21:21:14.025 [main] INFO  o.s.boot.web.embedded.tomcat.TomcatWebServer - Tomcat started on port(s): 8080 (http) with context path ''
2024-09-11 21:21:14.029 [main] INFO  com.alibaba.nacos.client.naming - initializer namespace from ans.namespace attribute : null
2024-09-11 21:21:14.029 [main] INFO  com.alibaba.nacos.client.naming - initializer namespace from ALIBABA_ALIWARE_NAMESPACE attribute :null
2024-09-11 21:21:14.029 [main] INFO  com.alibaba.nacos.client.naming - initializer namespace from namespace attribute :null
2024-09-11 21:21:14.036 [main] INFO  c.a.n.p.auth.spi.client.ClientAuthPluginManager - [ClientAuthPluginManager] Load ClientAuthService com.alibaba.nacos.client.auth.impl.NacosClientAuthServiceImpl success.
2024-09-11 21:21:14.037 [main] INFO  c.a.n.p.auth.spi.client.ClientAuthPluginManager - [ClientAuthPluginManager] Load ClientAuthService com.alibaba.nacos.client.auth.ram.RamClientAuthServiceImpl success.
2024-09-11 21:21:14.041 [main] INFO  com.alibaba.nacos.common.remote.client - [RpcClientFactory] create a new rpc client of d79595e9-6aa5-4852-8cd3-50f0a224c27f
2024-09-11 21:21:14.042 [main] INFO  com.alibaba.nacos.common.remote.client - [d79595e9-6aa5-4852-8cd3-50f0a224c27f] RpcClient init, ServerListFactory = com.alibaba.nacos.client.naming.core.ServerListManager
2024-09-11 21:21:14.042 [main] INFO  com.alibaba.nacos.common.remote.client - [d79595e9-6aa5-4852-8cd3-50f0a224c27f] Registry connection listener to current client:com.alibaba.nacos.client.naming.remote.gprc.redo.NamingGrpcRedoService
2024-09-11 21:21:14.043 [main] INFO  com.alibaba.nacos.common.remote.client - [d79595e9-6aa5-4852-8cd3-50f0a224c27f] Register server push request handler:com.alibaba.nacos.client.naming.remote.gprc.NamingPushRequestHandler
2024-09-11 21:21:14.043 [main] INFO  com.alibaba.nacos.common.remote.client - [d79595e9-6aa5-4852-8cd3-50f0a224c27f] Try to connect to server on start up, server: {serverIp = '127.0.0.1', server main port = 8848}
2024-09-11 21:21:14.043 [main] INFO  c.a.nacos.common.remote.client.grpc.GrpcClient - grpc client connection server:127.0.0.1 ip,serverPort:9848,grpcTslConfig:{"sslProvider":"OPENSSL","enableTls":false,"mutualAuthEnable":false,"trustAll":false}
2024-09-11 21:21:14.164 [main] INFO  com.alibaba.nacos.common.remote.client - [d79595e9-6aa5-4852-8cd3-50f0a224c27f] Success to connect to server [127.0.0.1:8848] on start up, connectionId = 1726060874051_172.17.0.1_53378
2024-09-11 21:21:14.164 [main] INFO  com.alibaba.nacos.common.remote.client - [d79595e9-6aa5-4852-8cd3-50f0a224c27f] Register server push request handler:com.alibaba.nacos.common.remote.client.RpcClient$ConnectResetRequestHandler
2024-09-11 21:21:14.164 [main] INFO  com.alibaba.nacos.common.remote.client - [d79595e9-6aa5-4852-8cd3-50f0a224c27f] Register server push request handler:com.alibaba.nacos.common.remote.client.RpcClient$$Lambda$620/0x00000008014d36d8
2024-09-11 21:21:14.164 [com.alibaba.nacos.client.remote.worker] INFO  com.alibaba.nacos.common.remote.client - [d79595e9-6aa5-4852-8cd3-50f0a224c27f] Notify connected event to listeners.
2024-09-11 21:21:14.164 [com.alibaba.nacos.client.remote.worker] INFO  com.alibaba.nacos.client.naming - Grpc connection connect
2024-09-11 21:21:14.165 [main] INFO  com.alibaba.nacos.client.naming - [REGISTER-SERVICE] xiaoheishu registering service xiaoheishu-auth with instance Instance{instanceId='null', ip='192.168.60.1', port=8080, weight=1.0, healthy=true, enabled=true, ephemeral=true, clusterName='DEFAULT', serviceName='null', metadata={IPv6=null, preserved.register.source=SPRING_CLOUD}}
2024-09-11 21:21:14.192 [main] INFO  c.a.cloud.nacos.registry.NacosServiceRegistry - nacos registry, DEFAULT_GROUP xiaoheishu-auth 192.168.60.1:8080 register finished
2024-09-11 21:21:14.599 [main] INFO  c.d.xiaoheishu.auth.XiaoheishuAuthApplication - Started XiaoheishuAuthApplication in 9.003 seconds (process running for 9.898)
2024-09-11 21:21:14.600 [main] INFO  c.d.x.auth.runner.PushRolePermissions2RedisRunner - ==> 开始同步角色权限数据到 Redis 中...
2024-09-11 21:21:15.028 [main] DEBUG c.d.x.a.d.mapper.RoleDOMapper.selectEnabledList - ==>  Preparing: select id, role_name, role_key from t_role where `status` = 0 and is_deleted = 0
2024-09-11 21:21:15.172 [main] DEBUG c.d.x.a.d.mapper.RoleDOMapper.selectEnabledList - ==> Parameters: 
2024-09-11 21:21:15.210 [main] DEBUG c.d.x.a.d.mapper.RoleDOMapper.selectEnabledList - <==      Total: 1
2024-09-11 21:21:15.229 [main] DEBUG c.d.x.a.d.m.RolePermissionDOMapper.selectByRoleIds - ==>  Preparing: select role_id, permission_id from t_role_permission_rel where role_id in ( ? )
2024-09-11 21:21:15.233 [main] DEBUG c.d.x.a.d.m.RolePermissionDOMapper.selectByRoleIds - ==> Parameters: 1(Long)
2024-09-11 21:21:15.237 [main] DEBUG c.d.x.a.d.m.RolePermissionDOMapper.selectByRoleIds - <==      Total: 2
2024-09-11 21:21:15.239 [main] DEBUG c.d.x.a.d.m.P.selectAppEnabledList - ==>  Preparing: select id, name, permission_key from t_permission where `status` = 0 and is_deleted = 0 and type = 3
2024-09-11 21:21:15.240 [main] DEBUG c.d.x.a.d.m.P.selectAppEnabledList - ==> Parameters: 
2024-09-11 21:21:15.245 [main] DEBUG c.d.x.a.d.m.P.selectAppEnabledList - <==      Total: 2
2024-09-11 21:21:15.260 [main] INFO  c.d.x.auth.runner.PushRolePermissions2RedisRunner - ==> 成功同步角色权限数据到 Redis 中...
2024-09-11 21:21:15.263 [main] INFO  com.alibaba.nacos.client.config.impl.CacheData - nacos.cache.data.init.snapshot = true 
2024-09-11 21:21:15.264 [main] INFO  com.alibaba.nacos.client.config.impl.ClientWorker - [fixed-xiaoheishu-127.0.0.1_8848] [subscribe] xiaoheishu-auth+DEFAULT_GROUP+xiaoheishu
2024-09-11 21:21:15.270 [main] INFO  com.alibaba.nacos.client.config.impl.CacheData - [fixed-xiaoheishu-127.0.0.1_8848] [add-listener] ok, tenant=xiaoheishu, dataId=xiaoheishu-auth, group=DEFAULT_GROUP, cnt=1
2024-09-11 21:21:15.270 [main] INFO  c.a.cloud.nacos.refresh.NacosContextRefresher - [Nacos Config] Listening config: dataId=xiaoheishu-auth, group=DEFAULT_GROUP
2024-09-11 21:21:15.270 [main] INFO  com.alibaba.nacos.client.config.impl.ClientWorker - [fixed-xiaoheishu-127.0.0.1_8848] [subscribe] xiaoheishu-auth.yaml+DEFAULT_GROUP+xiaoheishu
2024-09-11 21:21:15.270 [main] INFO  com.alibaba.nacos.client.config.impl.CacheData - [fixed-xiaoheishu-127.0.0.1_8848] [add-listener] ok, tenant=xiaoheishu, dataId=xiaoheishu-auth.yaml, group=DEFAULT_GROUP, cnt=1
2024-09-11 21:21:15.271 [main] INFO  c.a.cloud.nacos.refresh.NacosContextRefresher - [Nacos Config] Listening config: dataId=xiaoheishu-auth.yaml, group=DEFAULT_GROUP
2024-09-11 21:21:15.271 [main] INFO  com.alibaba.nacos.client.config.impl.ClientWorker - [fixed-xiaoheishu-127.0.0.1_8848] [subscribe] xiaoheishu-auth-dev.yaml+DEFAULT_GROUP+xiaoheishu
2024-09-11 21:21:15.271 [main] INFO  com.alibaba.nacos.client.config.impl.CacheData - [fixed-xiaoheishu-127.0.0.1_8848] [add-listener] ok, tenant=xiaoheishu, dataId=xiaoheishu-auth-dev.yaml, group=DEFAULT_GROUP, cnt=1
2024-09-11 21:21:15.271 [main] INFO  c.a.cloud.nacos.refresh.NacosContextRefresher - [Nacos Config] Listening config: dataId=xiaoheishu-auth-dev.yaml, group=DEFAULT_GROUP
2024-09-11 21:25:14.743 [Thread-2] WARN  c.alibaba.nacos.common.http.HttpClientBeanHolder - [HttpClientBeanHolder] Start destroying common HttpClient
2024-09-11 21:25:14.743 [Thread-9] WARN  com.alibaba.nacos.common.notify.NotifyCenter - [NotifyCenter] Start destroying Publisher
2024-09-11 21:25:14.743 [Thread-9] WARN  com.alibaba.nacos.common.notify.NotifyCenter - [NotifyCenter] Destruction of the end
2024-09-11 21:25:14.744 [Thread-2] WARN  c.alibaba.nacos.common.http.HttpClientBeanHolder - [HttpClientBeanHolder] Destruction of the end
2024-09-11 21:25:14.770 [SpringApplicationShutdownHook] INFO  c.a.cloud.nacos.registry.NacosServiceRegistry - De-registering from Nacos Server now...
2024-09-11 21:25:14.770 [SpringApplicationShutdownHook] INFO  com.alibaba.nacos.client.naming - [DEREGISTER-SERVICE] xiaoheishu deregistering service xiaoheishu-auth with instance: Instance{instanceId='null', ip='192.168.60.1', port=8080, weight=1.0, healthy=true, enabled=true, ephemeral=true, clusterName='DEFAULT', serviceName='null', metadata={}}
2024-09-11 21:25:14.776 [SpringApplicationShutdownHook] INFO  c.a.cloud.nacos.registry.NacosServiceRegistry - De-registration finished.
2024-09-11 21:25:14.777 [SpringApplicationShutdownHook] INFO  com.alibaba.nacos.client.naming - com.alibaba.nacos.client.naming.cache.ServiceInfoHolder do shutdown begin
2024-09-11 21:25:14.777 [SpringApplicationShutdownHook] INFO  com.alibaba.nacos.client.naming - com.alibaba.nacos.client.naming.backups.FailoverReactor do shutdown begin
2024-09-11 21:25:14.777 [SpringApplicationShutdownHook] INFO  com.alibaba.nacos.client.naming - com.alibaba.nacos.client.naming.backups.FailoverReactor do shutdown stop
2024-09-11 21:25:14.777 [SpringApplicationShutdownHook] INFO  com.alibaba.nacos.client.naming - com.alibaba.nacos.client.naming.cache.ServiceInfoHolder do shutdown stop
2024-09-11 21:25:14.777 [SpringApplicationShutdownHook] INFO  com.alibaba.nacos.client.naming - com.alibaba.nacos.client.naming.remote.NamingClientProxyDelegate do shutdown begin
2024-09-11 21:25:14.777 [SpringApplicationShutdownHook] INFO  com.alibaba.nacos.client.naming - com.alibaba.nacos.client.naming.core.ServiceInfoUpdateService do shutdown begin
2024-09-11 21:25:14.777 [SpringApplicationShutdownHook] INFO  com.alibaba.nacos.client.naming - com.alibaba.nacos.client.naming.core.ServiceInfoUpdateService do shutdown stop
2024-09-11 21:25:14.777 [SpringApplicationShutdownHook] INFO  com.alibaba.nacos.client.naming - com.alibaba.nacos.client.naming.core.ServerListManager do shutdown begin
2024-09-11 21:25:14.777 [SpringApplicationShutdownHook] WARN  com.alibaba.nacos.client.naming - [NamingHttpClientManager] Start destroying NacosRestTemplate
2024-09-11 21:25:14.777 [SpringApplicationShutdownHook] WARN  com.alibaba.nacos.client.naming - [NamingHttpClientManager] Destruction of the end
2024-09-11 21:25:14.777 [SpringApplicationShutdownHook] INFO  com.alibaba.nacos.client.naming - com.alibaba.nacos.client.naming.core.ServerListManager do shutdown stop
2024-09-11 21:25:14.777 [SpringApplicationShutdownHook] INFO  com.alibaba.nacos.client.naming - com.alibaba.nacos.client.naming.remote.http.NamingHttpClientProxy do shutdown begin
2024-09-11 21:25:14.777 [SpringApplicationShutdownHook] WARN  com.alibaba.nacos.client.naming - [NamingHttpClientManager] Start destroying NacosRestTemplate
2024-09-11 21:25:14.777 [SpringApplicationShutdownHook] WARN  com.alibaba.nacos.client.naming - [NamingHttpClientManager] Destruction of the end
2024-09-11 21:25:14.777 [SpringApplicationShutdownHook] INFO  com.alibaba.nacos.client.naming - com.alibaba.nacos.client.naming.remote.http.NamingHttpClientProxy do shutdown stop
2024-09-11 21:25:14.777 [SpringApplicationShutdownHook] INFO  com.alibaba.nacos.common.remote.client - Shutdown rpc client, set status to shutdown
2024-09-11 21:25:14.777 [SpringApplicationShutdownHook] INFO  com.alibaba.nacos.common.remote.client - Shutdown client event executor java.util.concurrent.ScheduledThreadPoolExecutor@4b99f2ed[Running, pool size = 2, active threads = 2, queued tasks = 0, completed tasks = 0]
2024-09-11 21:25:14.777 [SpringApplicationShutdownHook] INFO  com.alibaba.nacos.common.remote.client - Close current connection 1726060874051_172.17.0.1_53378
2024-09-11 21:25:14.781 [nacos-grpc-client-executor-127.0.0.1-76] INFO  c.a.nacos.common.remote.client.grpc.GrpcClient - [1726060874051_172.17.0.1_53378]Ignore complete event,isRunning:false,isAbandon=false
2024-09-11 21:25:14.783 [SpringApplicationShutdownHook] INFO  c.a.nacos.common.remote.client.grpc.GrpcClient - Shutdown grpc executor java.util.concurrent.ThreadPoolExecutor@45a40353[Running, pool size = 4, active threads = 0, queued tasks = 0, completed tasks = 77]
2024-09-11 21:25:14.783 [SpringApplicationShutdownHook] INFO  com.alibaba.nacos.client.naming - Shutdown grpc redo service executor java.util.concurrent.ScheduledThreadPoolExecutor@23a9400c[Running, pool size = 1, active threads = 0, queued tasks = 1, completed tasks = 80]
2024-09-11 21:25:14.783 [SpringApplicationShutdownHook] INFO  c.a.n.client.auth.ram.identify.CredentialWatcher - [null] CredentialWatcher is stopped
2024-09-11 21:25:14.783 [SpringApplicationShutdownHook] INFO  c.a.n.client.auth.ram.identify.CredentialService - [null] CredentialService is freed
2024-09-11 21:25:14.783 [SpringApplicationShutdownHook] INFO  com.alibaba.nacos.client.naming - com.alibaba.nacos.client.naming.remote.NamingClientProxyDelegate do shutdown stop
2024-09-11 21:25:14.910 [SpringApplicationShutdownHook] INFO  com.alibaba.druid.pool.DruidDataSource - {dataSource-1} closing ...
2024-09-11 21:25:14.916 [SpringApplicationShutdownHook] INFO  com.alibaba.druid.pool.DruidDataSource - {dataSource-1} closed
