2024-09-01 21:09:42.170 [main] INFO  c.a.b.nacos.config.util.NacosConfigPropertiesUtils - nacosConfigProperties : NacosConfigProperties{serverAddr='http://127.0.0.1:8848/', contextPath='null', encode='null', endpoint='null', namespace='null', accessKey='******', secretKey='******', ramRoleName='null', autoRefresh=true, dataId='xiaoheishu-auth', dataIds='null', group='DEFAULT_GROUP', type=YAML, maxRetry='null', configLongPollTimeout='null', configRetryTime='null', enableRemoteSyncConfig=false, extConfig=[], bootstrap=Bootstrap{enable=true, snapshotEnable=false, logEnable=false}}
2024-09-01 21:09:42.227 [main] INFO  c.a.b.nacos.config.util.NacosConfigPropertiesUtils - nacosConfigProperties : NacosConfigProperties{serverAddr='http://127.0.0.1:8848/', contextPath='null', encode='null', endpoint='null', namespace='null', accessKey='******', secretKey='******', ramRoleName='null', autoRefresh=true, dataId='xiaoheishu-auth', dataIds='null', group='DEFAULT_GROUP', type=YAML, maxRetry='null', configLongPollTimeout='null', configRetryTime='null', enableRemoteSyncConfig=false, extConfig=[], bootstrap=Bootstrap{enable=true, snapshotEnable=false, logEnable=false}}
2024-09-01 21:09:42.240 [main] WARN  com.alibaba.nacos.client.logging.NacosLogging - Load Logback Configuration of Nacos fail, message: Could not initialize Logback Nacos logging from classpath:nacos-logback.xml
2024-09-01 21:09:42.240 [main] INFO  c.a.n.client.config.impl.LocalConfigInfoProcessor - LOCAL_SNAPSHOT_PATH:C:\Users\86183\nacos\config
2024-09-01 21:09:42.274 [main] INFO  com.alibaba.nacos.client.utils.ParamUtil - [settings] [req-serv] nacos-server port:8848
2024-09-01 21:09:42.275 [main] INFO  com.alibaba.nacos.client.utils.ParamUtil - [settings] [http-client] connect timeout:1000
2024-09-01 21:09:42.276 [main] INFO  com.alibaba.nacos.client.utils.ParamUtil - PER_TASK_CONFIG_SIZE: 3000.0
2024-09-01 21:09:42.301 [main] INFO  c.a.n.p.auth.spi.client.ClientAuthPluginManager - [ClientAuthPluginManager] Load ClientAuthService com.alibaba.nacos.client.auth.impl.NacosClientAuthServiceImpl success.
2024-09-01 21:09:42.301 [main] INFO  c.a.n.p.auth.spi.client.ClientAuthPluginManager - [ClientAuthPluginManager] Load ClientAuthService com.alibaba.nacos.client.auth.ram.RamClientAuthServiceImpl success.
2024-09-01 21:09:42.304 [main] INFO  c.a.n.client.auth.ram.identify.CredentialWatcher - null No credential found
2024-09-01 21:09:42.313 [main] INFO  com.alibaba.nacos.common.remote.client - [RpcClientFactory] create a new rpc client of 271041ba-bb2e-4248-af94-ff82fb4db7e9_config-0
2024-09-01 21:09:42.331 [main] INFO  com.alibaba.nacos.common.remote.client - [271041ba-bb2e-4248-af94-ff82fb4db7e9_config-0] Register server push request handler:com.alibaba.nacos.client.config.impl.ClientWorker$ConfigRpcTransportClient$$Lambda$425/0x00000008012942b0
2024-09-01 21:09:42.332 [main] INFO  com.alibaba.nacos.common.remote.client - [271041ba-bb2e-4248-af94-ff82fb4db7e9_config-0] Register server push request handler:com.alibaba.nacos.client.config.impl.ClientWorker$ConfigRpcTransportClient$$Lambda$426/0x0000000801294ac0
2024-09-01 21:09:42.332 [main] INFO  com.alibaba.nacos.common.remote.client - [271041ba-bb2e-4248-af94-ff82fb4db7e9_config-0] Registry connection listener to current client:com.alibaba.nacos.client.config.impl.ClientWorker$ConfigRpcTransportClient$1
2024-09-01 21:09:42.333 [main] INFO  com.alibaba.nacos.common.remote.client - [271041ba-bb2e-4248-af94-ff82fb4db7e9_config-0] RpcClient init, ServerListFactory = com.alibaba.nacos.client.config.impl.ClientWorker$ConfigRpcTransportClient$2
2024-09-01 21:09:42.340 [main] INFO  com.alibaba.nacos.common.remote.client - [271041ba-bb2e-4248-af94-ff82fb4db7e9_config-0] Try to connect to server on start up, server: {serverIp = '127.0.0.1', server main port = 8848}
2024-09-01 21:09:42.555 [main] INFO  c.a.nacos.common.remote.client.grpc.GrpcClient - grpc client connection server:127.0.0.1 ip,serverPort:9848,grpcTslConfig:{"sslProvider":"OPENSSL","enableTls":false,"mutualAuthEnable":false,"trustAll":false}
2024-09-01 21:09:43.509 [main] INFO  com.alibaba.nacos.common.remote.client - [271041ba-bb2e-4248-af94-ff82fb4db7e9_config-0] Success to connect to server [127.0.0.1:8848] on start up, connectionId = 1725196183277_172.17.0.1_46276
2024-09-01 21:09:43.510 [com.alibaba.nacos.client.remote.worker] INFO  com.alibaba.nacos.common.remote.client - [271041ba-bb2e-4248-af94-ff82fb4db7e9_config-0] Notify connected event to listeners.
2024-09-01 21:09:43.510 [com.alibaba.nacos.client.remote.worker] INFO  com.alibaba.nacos.client.config.impl.ClientWorker - [271041ba-bb2e-4248-af94-ff82fb4db7e9_config-0] Connected,notify listen context...
2024-09-01 21:09:43.510 [main] INFO  com.alibaba.nacos.common.remote.client - [271041ba-bb2e-4248-af94-ff82fb4db7e9_config-0] Register server push request handler:com.alibaba.nacos.common.remote.client.RpcClient$ConnectResetRequestHandler
2024-09-01 21:09:43.510 [main] INFO  com.alibaba.nacos.common.remote.client - [271041ba-bb2e-4248-af94-ff82fb4db7e9_config-0] Register server push request handler:com.alibaba.nacos.common.remote.client.RpcClient$$Lambda$492/0x0000000801499bf8
2024-09-01 21:09:43.544 [main] INFO  com.alibaba.nacos.client.config.impl.Limiter - limitTime:5.0
2024-09-01 21:09:43.589 [main] INFO  c.alibaba.boot.nacos.config.util.NacosConfigLoader - load config from nacos, data-id is : xiaoheishu-auth, group is : DEFAULT_GROUP
2024-09-01 21:09:43.593 [main] INFO  com.alibaba.nacos.client.config.impl.CacheData - nacos.cache.data.init.snapshot = true 
2024-09-01 21:09:43.594 [main] INFO  com.alibaba.nacos.client.config.impl.ClientWorker - [fixed-127.0.0.1_8848_] [subscribe] xiaoheishu-auth+DEFAULT_GROUP
2024-09-01 21:09:43.600 [main] INFO  com.alibaba.nacos.client.config.impl.CacheData - [fixed-127.0.0.1_8848_] [add-listener] ok, tenant=, dataId=xiaoheishu-auth, group=DEFAULT_GROUP, cnt=1
2024-09-01 21:09:43.604 [main] INFO  c.d.xiaoheishu.auth.XiaoheishuAuthApplication - Starting XiaoheishuAuthApplication using Java 19.0.1 with PID 23956 (D:\Code\xiaoheishu\xiaoheishu-auth\target\classes started by 86183 in D:\Code\xiaoheishu)
2024-09-01 21:09:43.605 [main] INFO  c.d.xiaoheishu.auth.XiaoheishuAuthApplication - The following 1 profile is active: "dev"
2024-09-01 21:09:43.780 [com.alibaba.nacos.client.Worker] INFO  com.alibaba.nacos.client.config.impl.CacheData - [fixed-127.0.0.1_8848_] [notify-listener] time cost=1ms in ClientWorker, dataId=xiaoheishu-auth, group=DEFAULT_GROUP, md5=55e09e4ab1036895c47977b8c7ec5d49, listener=com.alibaba.nacos.spring.context.event.config.DelegatingEventPublishingListener@4f0e60e7 
2024-09-01 21:09:43.781 [nacos.client.cachedata.internal.notifier] INFO  com.alibaba.nacos.client.config.impl.CacheData - [fixed-127.0.0.1_8848_] [notify-ok] dataId=xiaoheishu-auth, group=DEFAULT_GROUP, md5=55e09e4ab1036895c47977b8c7ec5d49, listener=com.alibaba.nacos.spring.context.event.config.DelegatingEventPublishingListener@4f0e60e7 ,cost=1 millis.
2024-09-01 21:09:44.294 [main] INFO  o.s.d.r.config.RepositoryConfigurationDelegate - Multiple Spring Data modules found, entering strict repository configuration mode
2024-09-01 21:09:44.297 [main] INFO  o.s.d.r.config.RepositoryConfigurationDelegate - Bootstrapping Spring Data Redis repositories in DEFAULT mode.
2024-09-01 21:09:44.325 [main] INFO  o.s.d.r.config.RepositoryConfigurationDelegate - Finished Spring Data repository scanning in 14 ms. Found 0 Redis repository interfaces.
2024-09-01 21:09:45.049 [main] INFO  o.s.boot.web.embedded.tomcat.TomcatWebServer - Tomcat initialized with port(s): 8080 (http)
2024-09-01 21:09:45.058 [main] INFO  org.apache.catalina.core.StandardService - Starting service [Tomcat]
2024-09-01 21:09:45.058 [main] INFO  org.apache.catalina.core.StandardEngine - Starting Servlet engine: [Apache Tomcat/10.1.5]
2024-09-01 21:09:45.139 [main] INFO  o.a.c.core.ContainerBase.[Tomcat].[localhost].[/] - Initializing Spring embedded WebApplicationContext
2024-09-01 21:09:45.140 [main] INFO  o.s.b.w.s.c.ServletWebServerApplicationContext - Root WebApplicationContext: initialization completed in 1477 ms
2024-09-01 21:09:45.223 [main] INFO  c.a.d.s.b.a.DruidDataSourceAutoConfigure - Init DruidDataSource
2024-09-01 21:09:45.551 [main] INFO  com.alibaba.druid.pool.DruidDataSource - {dataSource-1} inited
2024-09-01 21:09:46.573 [main] INFO  o.s.boot.web.embedded.tomcat.TomcatWebServer - Tomcat started on port(s): 8080 (http) with context path ''
2024-09-01 21:09:46.596 [main] INFO  c.d.xiaoheishu.auth.XiaoheishuAuthApplication - Started XiaoheishuAuthApplication in 4.882 seconds (process running for 5.832)
2024-09-01 21:09:46.598 [main] INFO  c.d.x.auth.runner.PushRolePermissions2RedisRunner - ==> 开始同步角色权限数据到 Redis 中...
2024-09-01 21:09:46.938 [main] ERROR c.d.x.auth.runner.PushRolePermissions2RedisRunner - ==> 同步角色权限数据到 Redis 中异常：
org.springframework.data.redis.RedisConnectionFailureException: Unable to connect to Redis
	at org.springframework.data.redis.connection.lettuce.LettuceConnectionFactory$ExceptionTranslatingConnectionProvider.translateException(LettuceConnectionFactory.java:1602)
	at org.springframework.data.redis.connection.lettuce.LettuceConnectionFactory$ExceptionTranslatingConnectionProvider.getConnection(LettuceConnectionFactory.java:1533)
	at org.springframework.data.redis.connection.lettuce.LettuceConnectionFactory$SharedConnection.getNativeConnection(LettuceConnectionFactory.java:1358)
	at org.springframework.data.redis.connection.lettuce.LettuceConnectionFactory$SharedConnection.getConnection(LettuceConnectionFactory.java:1341)
	at org.springframework.data.redis.connection.lettuce.LettuceConnectionFactory.getSharedConnection(LettuceConnectionFactory.java:1059)
	at org.springframework.data.redis.connection.lettuce.LettuceConnectionFactory.getConnection(LettuceConnectionFactory.java:398)
	at org.springframework.data.redis.core.RedisConnectionUtils.fetchConnection(RedisConnectionUtils.java:193)
	at org.springframework.data.redis.core.RedisConnectionUtils.doGetConnection(RedisConnectionUtils.java:144)
	at org.springframework.data.redis.core.RedisConnectionUtils.getConnection(RedisConnectionUtils.java:105)
	at org.springframework.data.redis.core.RedisTemplate.execute(RedisTemplate.java:393)
	at org.springframework.data.redis.core.RedisTemplate.execute(RedisTemplate.java:373)
	at org.springframework.data.redis.core.AbstractOperations.execute(AbstractOperations.java:97)
	at org.springframework.data.redis.core.DefaultValueOperations.setIfAbsent(DefaultValueOperations.java:299)
	at com.darkmatter.xiaoheishu.auth.runner.PushRolePermissions2RedisRunner.run(PushRolePermissions2RedisRunner.java:59)
	at org.springframework.boot.SpringApplication.callRunner(SpringApplication.java:758)
	at org.springframework.boot.SpringApplication.callRunners(SpringApplication.java:748)
	at org.springframework.boot.SpringApplication.run(SpringApplication.java:315)
	at org.springframework.boot.SpringApplication.run(SpringApplication.java:1302)
	at org.springframework.boot.SpringApplication.run(SpringApplication.java:1291)
	at com.darkmatter.xiaoheishu.auth.XiaoheishuAuthApplication.main(XiaoheishuAuthApplication.java:12)
Caused by: org.springframework.data.redis.connection.PoolException: Could not get a resource from the pool
	at org.springframework.data.redis.connection.lettuce.LettucePoolingConnectionProvider.getConnection(LettucePoolingConnectionProvider.java:105)
	at org.springframework.data.redis.connection.lettuce.LettuceConnectionFactory$ExceptionTranslatingConnectionProvider.getConnection(LettuceConnectionFactory.java:1531)
	... 18 common frames omitted
Caused by: io.lettuce.core.RedisConnectionException: Unable to connect to 127.0.0.1/<unresolved>:6379
	at io.lettuce.core.RedisConnectionException.create(RedisConnectionException.java:78)
	at io.lettuce.core.RedisConnectionException.create(RedisConnectionException.java:56)
	at io.lettuce.core.AbstractRedisClient.getConnection(AbstractRedisClient.java:350)
	at io.lettuce.core.RedisClient.connect(RedisClient.java:216)
	at org.springframework.data.redis.connection.lettuce.StandaloneConnectionProvider.lambda$getConnection$1(StandaloneConnectionProvider.java:111)
	at java.base/java.util.Optional.orElseGet(Optional.java:364)
	at org.springframework.data.redis.connection.lettuce.StandaloneConnectionProvider.getConnection(StandaloneConnectionProvider.java:111)
	at org.springframework.data.redis.connection.lettuce.LettucePoolingConnectionProvider.lambda$getConnection$0(LettucePoolingConnectionProvider.java:93)
	at io.lettuce.core.support.ConnectionPoolSupport$RedisPooledObjectFactory.create(ConnectionPoolSupport.java:211)
	at io.lettuce.core.support.ConnectionPoolSupport$RedisPooledObjectFactory.create(ConnectionPoolSupport.java:201)
	at org.apache.commons.pool2.BasePooledObjectFactory.makeObject(BasePooledObjectFactory.java:70)
	at org.apache.commons.pool2.impl.GenericObjectPool.create(GenericObjectPool.java:571)
	at org.apache.commons.pool2.impl.GenericObjectPool.borrowObject(GenericObjectPool.java:298)
	at org.apache.commons.pool2.impl.GenericObjectPool.borrowObject(GenericObjectPool.java:223)
	at io.lettuce.core.support.ConnectionPoolSupport$1.borrowObject(ConnectionPoolSupport.java:122)
	at io.lettuce.core.support.ConnectionPoolSupport$1.borrowObject(ConnectionPoolSupport.java:117)
	at org.springframework.data.redis.connection.lettuce.LettucePoolingConnectionProvider.getConnection(LettucePoolingConnectionProvider.java:99)
	... 19 common frames omitted
Caused by: io.netty.channel.AbstractChannel$AnnotatedConnectException: Connection refused: no further information: /127.0.0.1:6379
Caused by: java.net.ConnectException: Connection refused: no further information
	at java.base/sun.nio.ch.Net.pollConnect(Native Method)
	at java.base/sun.nio.ch.Net.pollConnectNow(Net.java:672)
	at java.base/sun.nio.ch.SocketChannelImpl.finishConnect(SocketChannelImpl.java:973)
	at io.netty.channel.socket.nio.NioSocketChannel.doFinishConnect(NioSocketChannel.java:337)
	at io.netty.channel.nio.AbstractNioChannel$AbstractNioUnsafe.finishConnect(AbstractNioChannel.java:334)
	at io.netty.channel.nio.NioEventLoop.processSelectedKey(NioEventLoop.java:776)
	at io.netty.channel.nio.NioEventLoop.processSelectedKeysOptimized(NioEventLoop.java:724)
	at io.netty.channel.nio.NioEventLoop.processSelectedKeys(NioEventLoop.java:650)
	at io.netty.channel.nio.NioEventLoop.run(NioEventLoop.java:562)
	at io.netty.util.concurrent.SingleThreadEventExecutor$4.run(SingleThreadEventExecutor.java:997)
	at io.netty.util.internal.ThreadExecutorMap$2.run(ThreadExecutorMap.java:74)
	at io.netty.util.concurrent.FastThreadLocalRunnable.run(FastThreadLocalRunnable.java:30)
	at java.base/java.lang.Thread.run(Thread.java:1589)
2024-09-01 21:10:02.048 [Thread-1] WARN  c.alibaba.nacos.common.http.HttpClientBeanHolder - [HttpClientBeanHolder] Start destroying common HttpClient
2024-09-01 21:10:02.048 [Thread-6] WARN  com.alibaba.nacos.common.notify.NotifyCenter - [NotifyCenter] Start destroying Publisher
2024-09-01 21:10:02.048 [Thread-6] WARN  com.alibaba.nacos.common.notify.NotifyCenter - [NotifyCenter] Destruction of the end
2024-09-01 21:10:02.049 [Thread-1] WARN  c.alibaba.nacos.common.http.HttpClientBeanHolder - [HttpClientBeanHolder] Destruction of the end
2024-09-01 21:10:02.212 [SpringApplicationShutdownHook] INFO  com.alibaba.druid.pool.DruidDataSource - {dataSource-1} closing ...
2024-09-01 21:10:02.220 [SpringApplicationShutdownHook] INFO  com.alibaba.druid.pool.DruidDataSource - {dataSource-1} closed
2024-09-01 21:10:02.220 [SpringApplicationShutdownHook] INFO  c.a.n.s.c.a.c.NacosValueAnnotationBeanPostProcessor - 100 was destroying!
2024-09-01 21:10:02.220 [SpringApplicationShutdownHook] INFO  c.a.n.s.c.a.c.NacosValueAnnotationBeanPostProcessor - class com.alibaba.nacos.spring.context.annotation.config.NacosValueAnnotationBeanPostProcessor was destroying!
2024-09-01 21:10:02.220 [SpringApplicationShutdownHook] INFO  c.a.n.s.b.f.a.AnnotationNacosInjectedBeanPostProcessor - class com.alibaba.nacos.spring.beans.factory.annotation.AnnotationNacosInjectedBeanPostProcessor was destroying!
2024-09-01 21:10:05.196 [main] INFO  c.a.b.nacos.config.util.NacosConfigPropertiesUtils - nacosConfigProperties : NacosConfigProperties{serverAddr='http://127.0.0.1:8848/', contextPath='null', encode='null', endpoint='null', namespace='null', accessKey='******', secretKey='******', ramRoleName='null', autoRefresh=true, dataId='xiaoheishu-auth', dataIds='null', group='DEFAULT_GROUP', type=YAML, maxRetry='null', configLongPollTimeout='null', configRetryTime='null', enableRemoteSyncConfig=false, extConfig=[], bootstrap=Bootstrap{enable=true, snapshotEnable=false, logEnable=false}}
2024-09-01 21:10:05.259 [main] INFO  c.a.b.nacos.config.util.NacosConfigPropertiesUtils - nacosConfigProperties : NacosConfigProperties{serverAddr='http://127.0.0.1:8848/', contextPath='null', encode='null', endpoint='null', namespace='null', accessKey='******', secretKey='******', ramRoleName='null', autoRefresh=true, dataId='xiaoheishu-auth', dataIds='null', group='DEFAULT_GROUP', type=YAML, maxRetry='null', configLongPollTimeout='null', configRetryTime='null', enableRemoteSyncConfig=false, extConfig=[], bootstrap=Bootstrap{enable=true, snapshotEnable=false, logEnable=false}}
2024-09-01 21:10:05.273 [main] WARN  com.alibaba.nacos.client.logging.NacosLogging - Load Logback Configuration of Nacos fail, message: Could not initialize Logback Nacos logging from classpath:nacos-logback.xml
2024-09-01 21:10:05.273 [main] INFO  c.a.n.client.config.impl.LocalConfigInfoProcessor - LOCAL_SNAPSHOT_PATH:C:\Users\86183\nacos\config
2024-09-01 21:10:05.288 [main] INFO  com.alibaba.nacos.client.utils.ParamUtil - [settings] [req-serv] nacos-server port:8848
2024-09-01 21:10:05.288 [main] INFO  com.alibaba.nacos.client.utils.ParamUtil - [settings] [http-client] connect timeout:1000
2024-09-01 21:10:05.289 [main] INFO  com.alibaba.nacos.client.utils.ParamUtil - PER_TASK_CONFIG_SIZE: 3000.0
2024-09-01 21:10:05.316 [main] INFO  c.a.n.p.auth.spi.client.ClientAuthPluginManager - [ClientAuthPluginManager] Load ClientAuthService com.alibaba.nacos.client.auth.impl.NacosClientAuthServiceImpl success.
2024-09-01 21:10:05.316 [main] INFO  c.a.n.p.auth.spi.client.ClientAuthPluginManager - [ClientAuthPluginManager] Load ClientAuthService com.alibaba.nacos.client.auth.ram.RamClientAuthServiceImpl success.
2024-09-01 21:10:05.319 [main] INFO  c.a.n.client.auth.ram.identify.CredentialWatcher - null No credential found
2024-09-01 21:10:05.328 [main] INFO  com.alibaba.nacos.common.remote.client - [RpcClientFactory] create a new rpc client of ee465fea-b616-485d-a294-07970c0c4488_config-0
2024-09-01 21:10:05.346 [main] INFO  com.alibaba.nacos.common.remote.client - [ee465fea-b616-485d-a294-07970c0c4488_config-0] Register server push request handler:com.alibaba.nacos.client.config.impl.ClientWorker$ConfigRpcTransportClient$$Lambda$441/0x00000008012a3f48
2024-09-01 21:10:05.346 [main] INFO  com.alibaba.nacos.common.remote.client - [ee465fea-b616-485d-a294-07970c0c4488_config-0] Register server push request handler:com.alibaba.nacos.client.config.impl.ClientWorker$ConfigRpcTransportClient$$Lambda$442/0x00000008012a4950
2024-09-01 21:10:05.347 [main] INFO  com.alibaba.nacos.common.remote.client - [ee465fea-b616-485d-a294-07970c0c4488_config-0] Registry connection listener to current client:com.alibaba.nacos.client.config.impl.ClientWorker$ConfigRpcTransportClient$1
2024-09-01 21:10:05.347 [main] INFO  com.alibaba.nacos.common.remote.client - [ee465fea-b616-485d-a294-07970c0c4488_config-0] RpcClient init, ServerListFactory = com.alibaba.nacos.client.config.impl.ClientWorker$ConfigRpcTransportClient$2
2024-09-01 21:10:05.355 [main] INFO  com.alibaba.nacos.common.remote.client - [ee465fea-b616-485d-a294-07970c0c4488_config-0] Try to connect to server on start up, server: {serverIp = '127.0.0.1', server main port = 8848}
2024-09-01 21:10:05.508 [main] INFO  c.a.nacos.common.remote.client.grpc.GrpcClient - grpc client connection server:127.0.0.1 ip,serverPort:9848,grpcTslConfig:{"sslProvider":"OPENSSL","enableTls":false,"mutualAuthEnable":false,"trustAll":false}
2024-09-01 21:10:06.461 [main] INFO  com.alibaba.nacos.common.remote.client - [ee465fea-b616-485d-a294-07970c0c4488_config-0] Success to connect to server [127.0.0.1:8848] on start up, connectionId = 1725196206277_172.17.0.1_55410
2024-09-01 21:10:06.462 [com.alibaba.nacos.client.remote.worker] INFO  com.alibaba.nacos.common.remote.client - [ee465fea-b616-485d-a294-07970c0c4488_config-0] Notify connected event to listeners.
2024-09-01 21:10:06.462 [com.alibaba.nacos.client.remote.worker] INFO  com.alibaba.nacos.client.config.impl.ClientWorker - [ee465fea-b616-485d-a294-07970c0c4488_config-0] Connected,notify listen context...
2024-09-01 21:10:06.462 [main] INFO  com.alibaba.nacos.common.remote.client - [ee465fea-b616-485d-a294-07970c0c4488_config-0] Register server push request handler:com.alibaba.nacos.common.remote.client.RpcClient$ConnectResetRequestHandler
2024-09-01 21:10:06.462 [main] INFO  com.alibaba.nacos.common.remote.client - [ee465fea-b616-485d-a294-07970c0c4488_config-0] Register server push request handler:com.alibaba.nacos.common.remote.client.RpcClient$$Lambda$492/0x000000080149a870
2024-09-01 21:10:06.492 [main] INFO  com.alibaba.nacos.client.config.impl.Limiter - limitTime:5.0
2024-09-01 21:10:06.510 [main] INFO  c.alibaba.boot.nacos.config.util.NacosConfigLoader - load config from nacos, data-id is : xiaoheishu-auth, group is : DEFAULT_GROUP
2024-09-01 21:10:06.513 [main] INFO  com.alibaba.nacos.client.config.impl.CacheData - nacos.cache.data.init.snapshot = true 
2024-09-01 21:10:06.513 [main] INFO  com.alibaba.nacos.client.config.impl.ClientWorker - [fixed-127.0.0.1_8848_] [subscribe] xiaoheishu-auth+DEFAULT_GROUP
2024-09-01 21:10:06.517 [main] INFO  com.alibaba.nacos.client.config.impl.CacheData - [fixed-127.0.0.1_8848_] [add-listener] ok, tenant=, dataId=xiaoheishu-auth, group=DEFAULT_GROUP, cnt=1
2024-09-01 21:10:06.520 [main] INFO  c.d.xiaoheishu.auth.XiaoheishuAuthApplication - Starting XiaoheishuAuthApplication using Java 19.0.1 with PID 23064 (D:\Code\xiaoheishu\xiaoheishu-auth\target\classes started by 86183 in D:\Code\xiaoheishu)
2024-09-01 21:10:06.520 [main] INFO  c.d.xiaoheishu.auth.XiaoheishuAuthApplication - The following 1 profile is active: "dev"
2024-09-01 21:10:06.708 [com.alibaba.nacos.client.Worker] INFO  com.alibaba.nacos.client.config.impl.CacheData - [fixed-127.0.0.1_8848_] [notify-listener] time cost=0ms in ClientWorker, dataId=xiaoheishu-auth, group=DEFAULT_GROUP, md5=55e09e4ab1036895c47977b8c7ec5d49, listener=com.alibaba.nacos.spring.context.event.config.DelegatingEventPublishingListener@2f844ad1 
2024-09-01 21:10:06.709 [nacos.client.cachedata.internal.notifier] INFO  com.alibaba.nacos.client.config.impl.CacheData - [fixed-127.0.0.1_8848_] [notify-ok] dataId=xiaoheishu-auth, group=DEFAULT_GROUP, md5=55e09e4ab1036895c47977b8c7ec5d49, listener=com.alibaba.nacos.spring.context.event.config.DelegatingEventPublishingListener@2f844ad1 ,cost=1 millis.
2024-09-01 21:10:07.073 [main] INFO  o.s.d.r.config.RepositoryConfigurationDelegate - Multiple Spring Data modules found, entering strict repository configuration mode
2024-09-01 21:10:07.075 [main] INFO  o.s.d.r.config.RepositoryConfigurationDelegate - Bootstrapping Spring Data Redis repositories in DEFAULT mode.
2024-09-01 21:10:07.099 [main] INFO  o.s.d.r.config.RepositoryConfigurationDelegate - Finished Spring Data repository scanning in 12 ms. Found 0 Redis repository interfaces.
2024-09-01 21:10:07.702 [main] INFO  o.s.boot.web.embedded.tomcat.TomcatWebServer - Tomcat initialized with port(s): 8080 (http)
2024-09-01 21:10:07.710 [main] INFO  org.apache.catalina.core.StandardService - Starting service [Tomcat]
2024-09-01 21:10:07.710 [main] INFO  org.apache.catalina.core.StandardEngine - Starting Servlet engine: [Apache Tomcat/10.1.5]
2024-09-01 21:10:07.796 [main] INFO  o.a.c.core.ContainerBase.[Tomcat].[localhost].[/] - Initializing Spring embedded WebApplicationContext
2024-09-01 21:10:07.796 [main] INFO  o.s.b.w.s.c.ServletWebServerApplicationContext - Root WebApplicationContext: initialization completed in 1240 ms
2024-09-01 21:10:07.899 [main] INFO  c.a.d.s.b.a.DruidDataSourceAutoConfigure - Init DruidDataSource
2024-09-01 21:10:08.207 [main] INFO  com.alibaba.druid.pool.DruidDataSource - {dataSource-1} inited
2024-09-01 21:10:09.031 [main] INFO  o.s.boot.web.embedded.tomcat.TomcatWebServer - Tomcat started on port(s): 8080 (http) with context path ''
2024-09-01 21:10:09.049 [main] INFO  c.d.xiaoheishu.auth.XiaoheishuAuthApplication - Started XiaoheishuAuthApplication in 4.277 seconds (process running for 4.975)
2024-09-01 21:10:09.051 [main] INFO  c.d.x.auth.runner.PushRolePermissions2RedisRunner - ==> 开始同步角色权限数据到 Redis 中...
2024-09-01 21:10:09.400 [main] DEBUG c.d.x.a.d.mapper.RoleDOMapper.selectEnabledList - ==>  Preparing: select id, role_name, role_key from t_role where `status` = 0 and is_deleted = 0
2024-09-01 21:10:09.537 [main] DEBUG c.d.x.a.d.mapper.RoleDOMapper.selectEnabledList - ==> Parameters: 
2024-09-01 21:10:09.574 [main] DEBUG c.d.x.a.d.mapper.RoleDOMapper.selectEnabledList - <==      Total: 1
2024-09-01 21:10:09.591 [main] DEBUG c.d.x.a.d.m.RolePermissionDOMapper.selectByRoleIds - ==>  Preparing: select role_id, permission_id from t_role_permission_rel where role_id in ( ? )
2024-09-01 21:10:09.593 [main] DEBUG c.d.x.a.d.m.RolePermissionDOMapper.selectByRoleIds - ==> Parameters: 1(Long)
2024-09-01 21:10:09.600 [main] DEBUG c.d.x.a.d.m.RolePermissionDOMapper.selectByRoleIds - <==      Total: 2
2024-09-01 21:10:09.601 [main] DEBUG c.d.x.a.d.m.P.selectAppEnabledList - ==>  Preparing: select id, name, permission_key from t_permission where `status` = 0 and is_deleted = 0 and type = 3
2024-09-01 21:10:09.603 [main] DEBUG c.d.x.a.d.m.P.selectAppEnabledList - ==> Parameters: 
2024-09-01 21:10:09.608 [main] DEBUG c.d.x.a.d.m.P.selectAppEnabledList - <==      Total: 2
2024-09-01 21:10:09.635 [main] INFO  c.d.x.auth.runner.PushRolePermissions2RedisRunner - ==> 成功同步角色权限数据到 Redis 中...
2024-09-01 21:11:05.238 [http-nio-8080-exec-1] INFO  o.a.c.core.ContainerBase.[Tomcat].[localhost].[/] - Initializing Spring DispatcherServlet 'dispatcherServlet'
2024-09-01 21:11:05.238 [http-nio-8080-exec-1] INFO  org.springframework.web.servlet.DispatcherServlet - Initializing Servlet 'dispatcherServlet'
2024-09-01 21:11:05.239 [http-nio-8080-exec-1] INFO  org.springframework.web.servlet.DispatcherServlet - Completed initialization in 1 ms
2024-09-01 21:11:17.031 [nacos-grpc-client-executor-127.0.0.1-38] INFO  com.alibaba.nacos.common.remote.client - [ee465fea-b616-485d-a294-07970c0c4488_config-0] Receive server push request, request = ConfigChangeNotifyRequest, requestId = 1
2024-09-01 21:11:17.031 [nacos-grpc-client-executor-127.0.0.1-38] INFO  com.alibaba.nacos.client.config.impl.ClientWorker - [ee465fea-b616-485d-a294-07970c0c4488_config-0] [server-push] config changed. dataId=xiaoheishu-auth, group=DEFAULT_GROUP,tenant=null
2024-09-01 21:11:17.031 [nacos-grpc-client-executor-127.0.0.1-38] INFO  com.alibaba.nacos.common.remote.client - [ee465fea-b616-485d-a294-07970c0c4488_config-0] Ack server push request, request = ConfigChangeNotifyRequest, requestId = 1
2024-09-01 21:11:17.048 [com.alibaba.nacos.client.Worker] INFO  com.alibaba.nacos.client.config.impl.ClientWorker - [fixed-127.0.0.1_8848_] [data-received] dataId=xiaoheishu-auth, group=DEFAULT_GROUP, tenant=, md5=0a84387366d911e5de4430e899d04047, content=rate-limit:
  api:
    limit: 888 # 接口限流阈值

, type=yaml
2024-09-01 21:11:17.049 [com.alibaba.nacos.client.Worker] INFO  com.alibaba.nacos.client.config.impl.CacheData - [fixed-127.0.0.1_8848_] [notify-listener] time cost=1ms in ClientWorker, dataId=xiaoheishu-auth, group=DEFAULT_GROUP, md5=0a84387366d911e5de4430e899d04047, listener=com.alibaba.nacos.spring.context.event.config.DelegatingEventPublishingListener@2f844ad1 
2024-09-01 21:11:17.049 [nacos.client.cachedata.internal.notifier] INFO  com.alibaba.nacos.client.config.impl.CacheData - [fixed-127.0.0.1_8848_] [notify-ok] dataId=xiaoheishu-auth, group=DEFAULT_GROUP, md5=0a84387366d911e5de4430e899d04047, listener=com.alibaba.nacos.spring.context.event.config.DelegatingEventPublishingListener@2f844ad1 ,cost=0 millis.
2024-09-01 21:41:15.069 [lettuce-eventExecutorLoop-1-3] INFO  io.lettuce.core.protocol.ConnectionWatchdog - Reconnecting, last destination was /127.0.0.1:6379
2024-09-01 21:41:15.084 [lettuce-nioEventLoop-4-2] WARN  io.lettuce.core.protocol.ConnectionWatchdog - Cannot reconnect to [127.0.0.1/<unresolved>:6379]: Connection closed prematurely
io.lettuce.core.RedisConnectionException: Connection closed prematurely
	at io.lettuce.core.protocol.RedisHandshakeHandler.channelInactive(RedisHandshakeHandler.java:91)
	at io.netty.channel.AbstractChannelHandlerContext.invokeChannelInactive(AbstractChannelHandlerContext.java:305)
	at io.netty.channel.AbstractChannelHandlerContext.invokeChannelInactive(AbstractChannelHandlerContext.java:281)
	at io.netty.channel.AbstractChannelHandlerContext.fireChannelInactive(AbstractChannelHandlerContext.java:274)
	at io.netty.channel.ChannelInboundHandlerAdapter.channelInactive(ChannelInboundHandlerAdapter.java:81)
	at io.lettuce.core.ChannelGroupListener.channelInactive(ChannelGroupListener.java:69)
	at io.netty.channel.AbstractChannelHandlerContext.invokeChannelInactive(AbstractChannelHandlerContext.java:305)
	at io.netty.channel.AbstractChannelHandlerContext.invokeChannelInactive(AbstractChannelHandlerContext.java:281)
	at io.netty.channel.AbstractChannelHandlerContext.fireChannelInactive(AbstractChannelHandlerContext.java:274)
	at io.netty.channel.DefaultChannelPipeline$HeadContext.channelInactive(DefaultChannelPipeline.java:1405)
	at io.netty.channel.AbstractChannelHandlerContext.invokeChannelInactive(AbstractChannelHandlerContext.java:301)
	at io.netty.channel.AbstractChannelHandlerContext.invokeChannelInactive(AbstractChannelHandlerContext.java:281)
	at io.netty.channel.DefaultChannelPipeline.fireChannelInactive(DefaultChannelPipeline.java:901)
	at io.netty.channel.AbstractChannel$AbstractUnsafe$7.run(AbstractChannel.java:813)
	at io.netty.util.concurrent.AbstractEventExecutor.runTask(AbstractEventExecutor.java:174)
	at io.netty.util.concurrent.AbstractEventExecutor.safeExecute(AbstractEventExecutor.java:167)
	at io.netty.util.concurrent.SingleThreadEventExecutor.runAllTasks(SingleThreadEventExecutor.java:470)
	at io.netty.channel.nio.NioEventLoop.run(NioEventLoop.java:566)
	at io.netty.util.concurrent.SingleThreadEventExecutor$4.run(SingleThreadEventExecutor.java:997)
	at io.netty.util.internal.ThreadExecutorMap$2.run(ThreadExecutorMap.java:74)
	at io.netty.util.concurrent.FastThreadLocalRunnable.run(FastThreadLocalRunnable.java:30)
	at java.base/java.lang.Thread.run(Thread.java:1589)
2024-09-01 21:41:24.161 [lettuce-eventExecutorLoop-1-10] INFO  io.lettuce.core.protocol.ConnectionWatchdog - Reconnecting, last destination was 127.0.0.1/<unresolved>:6379
2024-09-01 21:41:24.164 [lettuce-nioEventLoop-4-14] WARN  io.lettuce.core.protocol.ConnectionWatchdog - Cannot reconnect to [127.0.0.1/<unresolved>:6379]: Connection refused: no further information: /127.0.0.1:6379
2024-09-01 21:41:26.705 [Thread-6] WARN  com.alibaba.nacos.common.notify.NotifyCenter - [NotifyCenter] Start destroying Publisher
2024-09-01 21:41:26.705 [Thread-1] WARN  c.alibaba.nacos.common.http.HttpClientBeanHolder - [HttpClientBeanHolder] Start destroying common HttpClient
2024-09-01 21:41:26.705 [Thread-6] WARN  com.alibaba.nacos.common.notify.NotifyCenter - [NotifyCenter] Destruction of the end
2024-09-01 21:41:26.706 [Thread-1] WARN  c.alibaba.nacos.common.http.HttpClientBeanHolder - [HttpClientBeanHolder] Destruction of the end
2024-09-01 21:41:26.849 [SpringApplicationShutdownHook] INFO  com.alibaba.druid.pool.DruidDataSource - {dataSource-1} closing ...
2024-09-01 21:41:26.850 [SpringApplicationShutdownHook] INFO  com.alibaba.druid.pool.DruidDataSource - {dataSource-1} closed
2024-09-01 21:41:26.850 [SpringApplicationShutdownHook] INFO  c.a.n.s.c.a.c.NacosValueAnnotationBeanPostProcessor - 100 was destroying!
2024-09-01 21:41:26.850 [SpringApplicationShutdownHook] INFO  c.a.n.s.c.a.c.NacosValueAnnotationBeanPostProcessor - class com.alibaba.nacos.spring.context.annotation.config.NacosValueAnnotationBeanPostProcessor was destroying!
2024-09-01 21:41:26.851 [SpringApplicationShutdownHook] INFO  c.a.n.s.b.f.a.AnnotationNacosInjectedBeanPostProcessor - class com.alibaba.nacos.spring.beans.factory.annotation.AnnotationNacosInjectedBeanPostProcessor was destroying!
